# Logfile created on Thu May 21 13:23:00 -0400 2009  [4;36;1mSQL (0.1ms)[0m   [0;1mSET NAMES 'utf8'[0m
  [4;35;1mSQL (0.1ms)[0m   [0mSET SQL_AUTO_IS_NULL=0[0m
  [4;36;1mSQL (0.5ms)[0m   [0;1mSHOW TABLES[0m
  [4;35;1mSQL (153.1ms)[0m   [0mCREATE TABLE `schema_migrations` (`version` varchar(255) NOT NULL) ENGINE=InnoDB[0m
  [4;36;1mSQL (15.3ms)[0m   [0;1mCREATE UNIQUE INDEX `unique_schema_migrations` ON `schema_migrations` (`version`)[0m
  [4;35;1mSQL (1.1ms)[0m   [0mSHOW TABLES[0m
  [4;36;1mSQL (0.7ms)[0m   [0;1mSELECT version FROM schema_migrations[0m
Migrating to CreateUsers (20090520223643)
  [4;35;1mSQL (4.9ms)[0m   [0mCREATE TABLE `users` (`id` int(11) DEFAULT NULL auto_increment PRIMARY KEY, `created_at` datetime, `updated_at` datetime, `login` varchar(255) NOT NULL, `crypted_password` varchar(255) NOT NULL, `password_salt` varchar(255) NOT NULL, `persistence_token` varchar(255) NOT NULL, `login_count` int(11) DEFAULT 0 NOT NULL, `last_request_at` datetime, `last_login_at` datetime, `current_login_at` datetime, `last_login_ip` varchar(255), `current_login_ip` varchar(255)) ENGINE=InnoDB[0m
  [4;36;1mSQL (13.5ms)[0m   [0;1mCREATE INDEX `index_users_on_login` ON `users` (`login`)[0m
  [4;35;1mSQL (13.0ms)[0m   [0mCREATE INDEX `index_users_on_persistence_token` ON `users` (`persistence_token`)[0m
  [4;36;1mSQL (8.5ms)[0m   [0;1mCREATE INDEX `index_users_on_last_request_at` ON `users` (`last_request_at`)[0m
  [4;35;1mSQL (1.0ms)[0m   [0mINSERT INTO schema_migrations (version) VALUES ('20090520223643')[0m
Migrating to CreateSessions (20090520223733)
  [4;36;1mSQL (2.2ms)[0m   [0;1mCREATE TABLE `sessions` (`id` int(11) DEFAULT NULL auto_increment PRIMARY KEY, `session_id` varchar(255) NOT NULL, `data` text, `created_at` datetime, `updated_at` datetime) ENGINE=InnoDB[0m
  [4;35;1mSQL (9.9ms)[0m   [0mCREATE INDEX `index_sessions_on_session_id` ON `sessions` (`session_id`)[0m
  [4;36;1mSQL (12.7ms)[0m   [0;1mCREATE INDEX `index_sessions_on_updated_at` ON `sessions` (`updated_at`)[0m
  [4;35;1mSQL (1.4ms)[0m   [0mINSERT INTO schema_migrations (version) VALUES ('20090520223733')[0m
Migrating to AddUsersOpenidField (20090520223947)
  [4;36;1mSQL (68.8ms)[0m   [0;1mALTER TABLE `users` ADD `openid_identifier` varchar(255)[0m
  [4;35;1mSQL (39.5ms)[0m   [0mCREATE INDEX `index_users_on_openid_identifier` ON `users` (`openid_identifier`)[0m
  [4;36;1mSQL (9.6ms)[0m   [0;1mSHOW FIELDS FROM `users`[0m
  [4;35;1mSQL (11.0ms)[0m   [0mALTER TABLE `users` CHANGE `login` `login` varchar(255) DEFAULT NULL[0m
  [4;36;1mSQL (3.4ms)[0m   [0;1mSHOW FIELDS FROM `users`[0m
  [4;35;1mSQL (13.1ms)[0m   [0mALTER TABLE `users` CHANGE `crypted_password` `crypted_password` varchar(255) DEFAULT NULL[0m
  [4;36;1mSQL (14.3ms)[0m   [0;1mSHOW FIELDS FROM `users`[0m
  [4;35;1mSQL (12.5ms)[0m   [0mALTER TABLE `users` CHANGE `password_salt` `password_salt` varchar(255) DEFAULT NULL[0m
  [4;36;1mSQL (0.9ms)[0m   [0;1mINSERT INTO schema_migrations (version) VALUES ('20090520223947')[0m
Migrating to AddOpenIdAuthenticationTables (20090520224205)
  [4;35;1mSQL (5.8ms)[0m   [0mSHOW TABLES[0m
  [4;36;1mSQL (19.8ms)[0m   [0;1mCREATE TABLE `open_id_authentication_associations` (`id` int(11) DEFAULT NULL auto_increment PRIMARY KEY, `issued` int(11), `lifetime` int(11), `handle` varchar(255), `assoc_type` varchar(255), `server_url` blob, `secret` blob) ENGINE=InnoDB[0m
  [4;35;1mSQL (1.2ms)[0m   [0mSHOW TABLES[0m
  [4;36;1mSQL (18.2ms)[0m   [0;1mCREATE TABLE `open_id_authentication_nonces` (`id` int(11) DEFAULT NULL auto_increment PRIMARY KEY, `timestamp` int(11) NOT NULL, `server_url` varchar(255), `salt` varchar(255) NOT NULL) ENGINE=InnoDB[0m
  [4;35;1mSQL (4.8ms)[0m   [0mINSERT INTO schema_migrations (version) VALUES ('20090520224205')[0m
  [4;36;1mSQL (7.3ms)[0m   [0;1mSHOW TABLES[0m
  [4;35;1mSQL (0.3ms)[0m   [0mSELECT version FROM schema_migrations[0m
  [4;36;1mSQL (0.3ms)[0m   [0;1mSHOW TABLES[0m
  [4;35;1mSQL (8.3ms)[0m   [0mSHOW FIELDS FROM `open_id_authentication_associations`[0m
  [4;36;1mSQL (47.3ms)[0m   [0;1mdescribe `open_id_authentication_associations`[0m
  [4;35;1mSQL (70.2ms)[0m   [0mSHOW KEYS FROM `open_id_authentication_associations`[0m
  [4;36;1mSQL (9.9ms)[0m   [0;1mSHOW FIELDS FROM `open_id_authentication_nonces`[0m
  [4;35;1mSQL (12.7ms)[0m   [0mdescribe `open_id_authentication_nonces`[0m
  [4;36;1mSQL (1.4ms)[0m   [0;1mSHOW KEYS FROM `open_id_authentication_nonces`[0m
  [4;35;1mSQL (2.5ms)[0m   [0mSHOW FIELDS FROM `sessions`[0m
  [4;36;1mSQL (2.8ms)[0m   [0;1mdescribe `sessions`[0m
  [4;35;1mSQL (2.9ms)[0m   [0mSHOW KEYS FROM `sessions`[0m
  [4;36;1mSQL (2.8ms)[0m   [0;1mSHOW FIELDS FROM `users`[0m
  [4;35;1mSQL (3.0ms)[0m   [0mdescribe `users`[0m
  [4;36;1mSQL (3.2ms)[0m   [0;1mSHOW KEYS FROM `users`[0m
  [4;36;1mSQL (0.2ms)[0m   [0;1mSET NAMES 'utf8'[0m
  [4;35;1mSQL (0.3ms)[0m   [0mSET SQL_AUTO_IS_NULL=0[0m
  [4;36;1mSQL (0.9ms)[0m   [0;1mSHOW TABLES[0m
  [4;35;1mSQL (0.2ms)[0m   [0mSELECT version FROM schema_migrations[0m
Migrating to CreateUsers (20090520223643)
Migrating to CreateSessions (20090520223733)
Migrating to AddUsersOpenidField (20090520223947)
Migrating to AddOpenIdAuthenticationTables (20090520224205)
Migrating to CreateTopics (20090521185405)
  [4;36;1mSQL (45.2ms)[0m   [0;1mCREATE TABLE `topics` (`id` int(11) DEFAULT NULL auto_increment PRIMARY KEY, `name` varchar(255), `user_id` int(11), `created_at` datetime, `updated_at` datetime) ENGINE=InnoDB[0m
  [4;35;1mSQL (15.2ms)[0m   [0mCREATE TABLE `topics_topics` (`parent_id` int(11), `child_id` int(11)) ENGINE=InnoDB[0m
  [4;36;1mSQL (11.0ms)[0m   [0;1mCREATE INDEX `index_topics_topics_on_parent_id` ON `topics_topics` (`parent_id`)[0m
  [4;35;1mSQL (8.3ms)[0m   [0mCREATE INDEX `index_topics_topics_on_child_id` ON `topics_topics` (`child_id`)[0m
  [4;36;1mSQL (1.6ms)[0m   [0;1mINSERT INTO schema_migrations (version) VALUES ('20090521185405')[0m
Migrating to CreateProperties (20090521185527)
  [4;35;1mSQL (5.1ms)[0m   [0mCREATE TABLE `properties` (`id` int(11) DEFAULT NULL auto_increment PRIMARY KEY, `topic_id` int(11), `property_type_id` int(11), `value` text, `created_at` datetime, `updated_at` datetime) ENGINE=InnoDB[0m
  [4;36;1mSQL (1.4ms)[0m   [0;1mINSERT INTO schema_migrations (version) VALUES ('20090521185527')[0m
Migrating to CreateOccurrences (20090521185556)
  [4;35;1mSQL (3.0ms)[0m   [0mCREATE TABLE `occurrences` (`id` int(11) DEFAULT NULL auto_increment PRIMARY KEY, `topic_id` int(11), `name` varchar(255), `text` text, `created_at` datetime, `updated_at` datetime) ENGINE=InnoDB[0m
  [4;36;1mSQL (0.7ms)[0m   [0;1mINSERT INTO schema_migrations (version) VALUES ('20090521185556')[0m
Migrating to CreatePropertyTypes (20090521185656)
  [4;35;1mSQL (5.1ms)[0m   [0mCREATE TABLE `property_types` (`id` int(11) DEFAULT NULL auto_increment PRIMARY KEY, `topic_id` int(11), `name` varchar(255), `type` varchar(255), `created_at` datetime, `updated_at` datetime) ENGINE=InnoDB[0m
  [4;36;1mSQL (1.1ms)[0m   [0;1mINSERT INTO schema_migrations (version) VALUES ('20090521185656')[0m
  [4;35;1mSQL (0.7ms)[0m   [0mSHOW TABLES[0m
  [4;36;1mSQL (0.3ms)[0m   [0;1mSELECT version FROM schema_migrations[0m
  [4;35;1mSQL (0.6ms)[0m   [0mSHOW TABLES[0m
  [4;36;1mSQL (2.0ms)[0m   [0;1mSHOW FIELDS FROM `occurrences`[0m
  [4;35;1mSQL (2.4ms)[0m   [0mdescribe `occurrences`[0m
  [4;36;1mSQL (1.8ms)[0m   [0;1mSHOW KEYS FROM `occurrences`[0m
  [4;35;1mSQL (1.7ms)[0m   [0mSHOW FIELDS FROM `open_id_authentication_associations`[0m
  [4;36;1mSQL (5.2ms)[0m   [0;1mdescribe `open_id_authentication_associations`[0m
  [4;35;1mSQL (2.7ms)[0m   [0mSHOW KEYS FROM `open_id_authentication_associations`[0m
  [4;36;1mSQL (3.0ms)[0m   [0;1mSHOW FIELDS FROM `open_id_authentication_nonces`[0m
  [4;35;1mSQL (2.1ms)[0m   [0mdescribe `open_id_authentication_nonces`[0m
  [4;36;1mSQL (0.7ms)[0m   [0;1mSHOW KEYS FROM `open_id_authentication_nonces`[0m
  [4;35;1mSQL (2.4ms)[0m   [0mSHOW FIELDS FROM `properties`[0m
  [4;36;1mSQL (2.4ms)[0m   [0;1mdescribe `properties`[0m
  [4;35;1mSQL (0.7ms)[0m   [0mSHOW KEYS FROM `properties`[0m
  [4;36;1mSQL (1.7ms)[0m   [0;1mSHOW FIELDS FROM `property_types`[0m
  [4;35;1mSQL (2.8ms)[0m   [0mdescribe `property_types`[0m
  [4;36;1mSQL (1.9ms)[0m   [0;1mSHOW KEYS FROM `property_types`[0m
  [4;35;1mSQL (2.8ms)[0m   [0mSHOW FIELDS FROM `sessions`[0m
  [4;36;1mSQL (3.0ms)[0m   [0;1mdescribe `sessions`[0m
  [4;35;1mSQL (0.9ms)[0m   [0mSHOW KEYS FROM `sessions`[0m
  [4;36;1mSQL (1.8ms)[0m   [0;1mSHOW FIELDS FROM `topics`[0m
  [4;35;1mSQL (3.8ms)[0m   [0mdescribe `topics`[0m
  [4;36;1mSQL (0.6ms)[0m   [0;1mSHOW KEYS FROM `topics`[0m
  [4;35;1mSQL (1.6ms)[0m   [0mSHOW FIELDS FROM `topics_topics`[0m
  [4;36;1mSQL (2.5ms)[0m   [0;1mdescribe `topics_topics`[0m
  [4;35;1mSQL (0.8ms)[0m   [0mSHOW KEYS FROM `topics_topics`[0m
  [4;36;1mSQL (2.9ms)[0m   [0;1mSHOW FIELDS FROM `users`[0m
  [4;35;1mSQL (4.4ms)[0m   [0mdescribe `users`[0m
  [4;36;1mSQL (0.4ms)[0m   [0;1mSHOW KEYS FROM `users`[0m
  [4;36;1mSQL (0.1ms)[0m   [0;1mSET NAMES 'utf8'[0m
  [4;35;1mSQL (0.1ms)[0m   [0mSET SQL_AUTO_IS_NULL=0[0m
  [4;36;1mSQL (0.4ms)[0m   [0;1mSHOW TABLES[0m
  [4;35;1mSQL (0.3ms)[0m   [0mSELECT version FROM schema_migrations[0m
Migrating to CreateUsers (20090520223643)
Migrating to CreateSessions (20090520223733)
Migrating to AddUsersOpenidField (20090520223947)
Migrating to AddOpenIdAuthenticationTables (20090520224205)
Migrating to CreateTopics (20090521185405)
Migrating to CreateProperties (20090521185527)
Migrating to CreateOccurrences (20090521185556)
Migrating to CreatePropertyTypes (20090521185656)
Migrating to AddJoinTableForOccurrences (20090521194112)
  [4;36;1mSQL (43.0ms)[0m   [0;1mALTER TABLE `occurrences` DROP `topic_id`[0m
  [4;35;1mSQL (4.1ms)[0m   [0mCREATE TABLE `topics_occurrences` (`id` int(11) DEFAULT NULL auto_increment PRIMARY KEY, `topic_id` int(11), `occurrence_id` int(11)) ENGINE=InnoDB[0m
  [4;36;1mSQL (1.1ms)[0m   [0;1mINSERT INTO schema_migrations (version) VALUES ('20090521194112')[0m
  [4;35;1mSQL (0.5ms)[0m   [0mSHOW TABLES[0m
  [4;36;1mSQL (0.2ms)[0m   [0;1mSELECT version FROM schema_migrations[0m
  [4;35;1mSQL (0.4ms)[0m   [0mSHOW TABLES[0m
  [4;36;1mSQL (1.8ms)[0m   [0;1mSHOW FIELDS FROM `occurrences`[0m
  [4;35;1mSQL (2.1ms)[0m   [0mdescribe `occurrences`[0m
  [4;36;1mSQL (0.7ms)[0m   [0;1mSHOW KEYS FROM `occurrences`[0m
  [4;35;1mSQL (4.4ms)[0m   [0mSHOW FIELDS FROM `open_id_authentication_associations`[0m
  [4;36;1mSQL (3.4ms)[0m   [0;1mdescribe `open_id_authentication_associations`[0m
  [4;35;1mSQL (1.5ms)[0m   [0mSHOW KEYS FROM `open_id_authentication_associations`[0m
  [4;36;1mSQL (2.2ms)[0m   [0;1mSHOW FIELDS FROM `open_id_authentication_nonces`[0m
  [4;35;1mSQL (3.5ms)[0m   [0mdescribe `open_id_authentication_nonces`[0m
  [4;36;1mSQL (0.8ms)[0m   [0;1mSHOW KEYS FROM `open_id_authentication_nonces`[0m
  [4;35;1mSQL (1.8ms)[0m   [0mSHOW FIELDS FROM `properties`[0m
  [4;36;1mSQL (4.7ms)[0m   [0;1mdescribe `properties`[0m
  [4;35;1mSQL (1.6ms)[0m   [0mSHOW KEYS FROM `properties`[0m
  [4;36;1mSQL (1.9ms)[0m   [0;1mSHOW FIELDS FROM `property_types`[0m
  [4;35;1mSQL (3.0ms)[0m   [0mdescribe `property_types`[0m
  [4;36;1mSQL (1.9ms)[0m   [0;1mSHOW KEYS FROM `property_types`[0m
  [4;35;1mSQL (1.7ms)[0m   [0mSHOW FIELDS FROM `sessions`[0m
  [4;36;1mSQL (2.2ms)[0m   [0;1mdescribe `sessions`[0m
  [4;35;1mSQL (0.8ms)[0m   [0mSHOW KEYS FROM `sessions`[0m
  [4;36;1mSQL (1.6ms)[0m   [0;1mSHOW FIELDS FROM `topics`[0m
  [4;35;1mSQL (2.6ms)[0m   [0mdescribe `topics`[0m
  [4;36;1mSQL (1.4ms)[0m   [0;1mSHOW KEYS FROM `topics`[0m
  [4;35;1mSQL (1.6ms)[0m   [0mSHOW FIELDS FROM `topics_occurrences`[0m
  [4;36;1mSQL (1.7ms)[0m   [0;1mdescribe `topics_occurrences`[0m
  [4;35;1mSQL (0.7ms)[0m   [0mSHOW KEYS FROM `topics_occurrences`[0m
  [4;36;1mSQL (1.4ms)[0m   [0;1mSHOW FIELDS FROM `topics_topics`[0m
  [4;35;1mSQL (3.0ms)[0m   [0mdescribe `topics_topics`[0m
  [4;36;1mSQL (1.0ms)[0m   [0;1mSHOW KEYS FROM `topics_topics`[0m
  [4;35;1mSQL (3.0ms)[0m   [0mSHOW FIELDS FROM `users`[0m
  [4;36;1mSQL (5.3ms)[0m   [0;1mdescribe `users`[0m
  [4;35;1mSQL (0.9ms)[0m   [0mSHOW KEYS FROM `users`[0m
